2017/09/22 12:29:12 [error] [exception.CDbException] CDbException: CDbConnection failed to open the DB connection: could not find driver in C:\Apache24\htdocs\industrialproject\framework\db\CDbConnection.php:399
Stack trace:
#0 C:\Apache24\htdocs\industrialproject\framework\db\CDbConnection.php(347): CDbConnection->open()
#1 C:\Apache24\htdocs\industrialproject\framework\db\CDbConnection.php(325): CDbConnection->setActive(true)
#2 C:\Apache24\htdocs\industrialproject\framework\base\CModule.php(394): CDbConnection->init()
#3 C:\Apache24\htdocs\industrialproject\framework\base\CApplication.php(459): CModule->getComponent('db')
#4 C:\Apache24\htdocs\industrialproject\framework\db\ar\CActiveRecord.php(639): CApplication->getDb()
#5 C:\Apache24\htdocs\industrialproject\framework\db\ar\CActiveRecord.php(1436): CActiveRecord->getDbConnection()
#6 C:\Apache24\htdocs\industrialproject\framework\db\ar\CActiveRecord.php(1525): CActiveRecord->getTableAlias(true)
#7 C:\Apache24\htdocs\industrialproject\protected\components\UserIdentity.php(38): CActiveRecord->findByAttributes(Array)
#8 C:\Apache24\htdocs\industrialproject\protected\models\LoginForm.php(54): UserIdentity->authenticate()
#9 C:\Apache24\htdocs\industrialproject\framework\validators\CInlineValidator.php(42): LoginForm->authenticate('password', Array)
#10 C:\Apache24\htdocs\industrialproject\framework\validators\CValidator.php(201): CInlineValidator->validateAttribute(Object(LoginForm), 'password')
#11 C:\Apache24\htdocs\industrialproject\framework\base\CModel.php(159): CValidator->validate(Object(LoginForm), Array)
#12 C:\Apache24\htdocs\industrialproject\protected\controllers\SiteController.php(94): CModel->validate()
#13 C:\Apache24\htdocs\industrialproject\framework\web\actions\CInlineAction.php(49): SiteController->actionLogin()
#14 C:\Apache24\htdocs\industrialproject\framework\web\CController.php(308): CInlineAction->runWithParams(Array)
#15 C:\Apache24\htdocs\industrialproject\framework\web\CController.php(286): CController->runAction(Object(CInlineAction))
#16 C:\Apache24\htdocs\industrialproject\framework\web\CController.php(265): CController->runActionWithFilters(Object(CInlineAction), Array)
#17 C:\Apache24\htdocs\industrialproject\framework\web\CWebApplication.php(282): CController->run('login')
#18 C:\Apache24\htdocs\industrialproject\framework\web\CWebApplication.php(141): CWebApplication->runController('site/login')
#19 C:\Apache24\htdocs\industrialproject\framework\base\CApplication.php(185): CWebApplication->processRequest()
#20 C:\Apache24\htdocs\industrialproject\index.php(13): CApplication->run()
#21 {main}
REQUEST_URI=/industrialproject/index.php?r=site/login
HTTP_REFERER=http://localhost/industrialproject/index.php?r=site/login
---
2017/09/22 12:36:25 [error] [exception.CDbException] CDbException: CDbConnection failed to open the DB connection: could not find driver in C:\Apache24\htdocs\industrialproject\framework\db\CDbConnection.php:399
Stack trace:
#0 C:\Apache24\htdocs\industrialproject\framework\db\CDbConnection.php(347): CDbConnection->open()
#1 C:\Apache24\htdocs\industrialproject\framework\db\CDbConnection.php(325): CDbConnection->setActive(true)
#2 C:\Apache24\htdocs\industrialproject\framework\base\CModule.php(394): CDbConnection->init()
#3 C:\Apache24\htdocs\industrialproject\framework\base\CApplication.php(459): CModule->getComponent('db')
#4 C:\Apache24\htdocs\industrialproject\framework\db\ar\CActiveRecord.php(639): CApplication->getDb()
#5 C:\Apache24\htdocs\industrialproject\framework\db\ar\CActiveRecord.php(1436): CActiveRecord->getDbConnection()
#6 C:\Apache24\htdocs\industrialproject\framework\db\ar\CActiveRecord.php(1525): CActiveRecord->getTableAlias(true)
#7 C:\Apache24\htdocs\industrialproject\protected\components\UserIdentity.php(38): CActiveRecord->findByAttributes(Array)
#8 C:\Apache24\htdocs\industrialproject\protected\models\LoginForm.php(54): UserIdentity->authenticate()
#9 C:\Apache24\htdocs\industrialproject\framework\validators\CInlineValidator.php(42): LoginForm->authenticate('password', Array)
#10 C:\Apache24\htdocs\industrialproject\framework\validators\CValidator.php(201): CInlineValidator->validateAttribute(Object(LoginForm), 'password')
#11 C:\Apache24\htdocs\industrialproject\framework\base\CModel.php(159): CValidator->validate(Object(LoginForm), Array)
#12 C:\Apache24\htdocs\industrialproject\protected\controllers\SiteController.php(94): CModel->validate()
#13 C:\Apache24\htdocs\industrialproject\framework\web\actions\CInlineAction.php(49): SiteController->actionLogin()
#14 C:\Apache24\htdocs\industrialproject\framework\web\CController.php(308): CInlineAction->runWithParams(Array)
#15 C:\Apache24\htdocs\industrialproject\framework\web\CController.php(286): CController->runAction(Object(CInlineAction))
#16 C:\Apache24\htdocs\industrialproject\framework\web\CController.php(265): CController->runActionWithFilters(Object(CInlineAction), Array)
#17 C:\Apache24\htdocs\industrialproject\framework\web\CWebApplication.php(282): CController->run('login')
#18 C:\Apache24\htdocs\industrialproject\framework\web\CWebApplication.php(141): CWebApplication->runController('site/login')
#19 C:\Apache24\htdocs\industrialproject\framework\base\CApplication.php(185): CWebApplication->processRequest()
#20 C:\Apache24\htdocs\industrialproject\index.php(13): CApplication->run()
#21 {main}
REQUEST_URI=/industrialproject/index.php?r=site/login
HTTP_REFERER=http://localhost/industrialproject/index.php?r=site/login
---
2017/09/22 12:40:46 [error] [exception.CDbException] CDbException: CDbConnection failed to open the DB connection: could not find driver in C:\Apache24\htdocs\industrialproject\framework\db\CDbConnection.php:399
Stack trace:
#0 C:\Apache24\htdocs\industrialproject\framework\db\CDbConnection.php(347): CDbConnection->open()
#1 C:\Apache24\htdocs\industrialproject\framework\db\CDbConnection.php(325): CDbConnection->setActive(true)
#2 C:\Apache24\htdocs\industrialproject\framework\base\CModule.php(394): CDbConnection->init()
#3 C:\Apache24\htdocs\industrialproject\framework\base\CApplication.php(459): CModule->getComponent('db')
#4 C:\Apache24\htdocs\industrialproject\framework\db\ar\CActiveRecord.php(639): CApplication->getDb()
#5 C:\Apache24\htdocs\industrialproject\framework\db\ar\CActiveRecord.php(1436): CActiveRecord->getDbConnection()
#6 C:\Apache24\htdocs\industrialproject\framework\db\ar\CActiveRecord.php(1525): CActiveRecord->getTableAlias(true)
#7 C:\Apache24\htdocs\industrialproject\protected\components\UserIdentity.php(38): CActiveRecord->findByAttributes(Array)
#8 C:\Apache24\htdocs\industrialproject\protected\models\LoginForm.php(54): UserIdentity->authenticate()
#9 C:\Apache24\htdocs\industrialproject\framework\validators\CInlineValidator.php(42): LoginForm->authenticate('password', Array)
#10 C:\Apache24\htdocs\industrialproject\framework\validators\CValidator.php(201): CInlineValidator->validateAttribute(Object(LoginForm), 'password')
#11 C:\Apache24\htdocs\industrialproject\framework\base\CModel.php(159): CValidator->validate(Object(LoginForm), Array)
#12 C:\Apache24\htdocs\industrialproject\protected\controllers\SiteController.php(94): CModel->validate()
#13 C:\Apache24\htdocs\industrialproject\framework\web\actions\CInlineAction.php(49): SiteController->actionLogin()
#14 C:\Apache24\htdocs\industrialproject\framework\web\CController.php(308): CInlineAction->runWithParams(Array)
#15 C:\Apache24\htdocs\industrialproject\framework\web\CController.php(286): CController->runAction(Object(CInlineAction))
#16 C:\Apache24\htdocs\industrialproject\framework\web\CController.php(265): CController->runActionWithFilters(Object(CInlineAction), Array)
#17 C:\Apache24\htdocs\industrialproject\framework\web\CWebApplication.php(282): CController->run('login')
#18 C:\Apache24\htdocs\industrialproject\framework\web\CWebApplication.php(141): CWebApplication->runController('site/login')
#19 C:\Apache24\htdocs\industrialproject\framework\base\CApplication.php(185): CWebApplication->processRequest()
#20 C:\Apache24\htdocs\industrialproject\index.php(13): CApplication->run()
#21 {main}
REQUEST_URI=/industrialproject/index.php?r=site/login
HTTP_REFERER=http://localhost/industrialproject/index.php?r=site/login
---
2017/09/22 13:12:30 [error] [exception.CDbException] CDbException: CDbConnection failed to open the DB connection: could not find driver in C:\Apache24\htdocs\industrialproject\framework\db\CDbConnection.php:399
Stack trace:
#0 C:\Apache24\htdocs\industrialproject\framework\db\CDbConnection.php(347): CDbConnection->open()
#1 C:\Apache24\htdocs\industrialproject\framework\db\CDbConnection.php(325): CDbConnection->setActive(true)
#2 C:\Apache24\htdocs\industrialproject\framework\base\CModule.php(394): CDbConnection->init()
#3 C:\Apache24\htdocs\industrialproject\framework\base\CApplication.php(459): CModule->getComponent('db')
#4 C:\Apache24\htdocs\industrialproject\framework\db\ar\CActiveRecord.php(639): CApplication->getDb()
#5 C:\Apache24\htdocs\industrialproject\framework\db\ar\CActiveRecord.php(1436): CActiveRecord->getDbConnection()
#6 C:\Apache24\htdocs\industrialproject\framework\db\ar\CActiveRecord.php(1525): CActiveRecord->getTableAlias(true)
#7 C:\Apache24\htdocs\industrialproject\protected\components\UserIdentity.php(38): CActiveRecord->findByAttributes(Array)
#8 C:\Apache24\htdocs\industrialproject\protected\models\LoginForm.php(54): UserIdentity->authenticate()
#9 C:\Apache24\htdocs\industrialproject\framework\validators\CInlineValidator.php(42): LoginForm->authenticate('password', Array)
#10 C:\Apache24\htdocs\industrialproject\framework\validators\CValidator.php(201): CInlineValidator->validateAttribute(Object(LoginForm), 'password')
#11 C:\Apache24\htdocs\industrialproject\framework\base\CModel.php(159): CValidator->validate(Object(LoginForm), Array)
#12 C:\Apache24\htdocs\industrialproject\protected\controllers\SiteController.php(94): CModel->validate()
#13 C:\Apache24\htdocs\industrialproject\framework\web\actions\CInlineAction.php(49): SiteController->actionLogin()
#14 C:\Apache24\htdocs\industrialproject\framework\web\CController.php(308): CInlineAction->runWithParams(Array)
#15 C:\Apache24\htdocs\industrialproject\framework\web\CController.php(286): CController->runAction(Object(CInlineAction))
#16 C:\Apache24\htdocs\industrialproject\framework\web\CController.php(265): CController->runActionWithFilters(Object(CInlineAction), Array)
#17 C:\Apache24\htdocs\industrialproject\framework\web\CWebApplication.php(282): CController->run('login')
#18 C:\Apache24\htdocs\industrialproject\framework\web\CWebApplication.php(141): CWebApplication->runController('site/login')
#19 C:\Apache24\htdocs\industrialproject\framework\base\CApplication.php(185): CWebApplication->processRequest()
#20 C:\Apache24\htdocs\industrialproject\index.php(13): CApplication->run()
#21 {main}
REQUEST_URI=/industrialproject/index.php?r=site/login
HTTP_REFERER=http://localhost/industrialproject/index.php?r=site/login
---
2017/09/22 13:21:53 [error] [exception.CDbException] CDbException: CDbConnection failed to open the DB connection: could not find driver in C:\Apache24\htdocs\industrialproject\framework\db\CDbConnection.php:399
Stack trace:
#0 C:\Apache24\htdocs\industrialproject\framework\db\CDbConnection.php(347): CDbConnection->open()
#1 C:\Apache24\htdocs\industrialproject\framework\db\CDbConnection.php(325): CDbConnection->setActive(true)
#2 C:\Apache24\htdocs\industrialproject\framework\base\CModule.php(394): CDbConnection->init()
#3 C:\Apache24\htdocs\industrialproject\framework\base\CApplication.php(459): CModule->getComponent('db')
#4 C:\Apache24\htdocs\industrialproject\framework\db\ar\CActiveRecord.php(639): CApplication->getDb()
#5 C:\Apache24\htdocs\industrialproject\framework\db\ar\CActiveRecord.php(1436): CActiveRecord->getDbConnection()
#6 C:\Apache24\htdocs\industrialproject\framework\db\ar\CActiveRecord.php(1525): CActiveRecord->getTableAlias(true)
#7 C:\Apache24\htdocs\industrialproject\protected\components\UserIdentity.php(38): CActiveRecord->findByAttributes(Array)
#8 C:\Apache24\htdocs\industrialproject\protected\models\LoginForm.php(54): UserIdentity->authenticate()
#9 C:\Apache24\htdocs\industrialproject\framework\validators\CInlineValidator.php(42): LoginForm->authenticate('password', Array)
#10 C:\Apache24\htdocs\industrialproject\framework\validators\CValidator.php(201): CInlineValidator->validateAttribute(Object(LoginForm), 'password')
#11 C:\Apache24\htdocs\industrialproject\framework\base\CModel.php(159): CValidator->validate(Object(LoginForm), Array)
#12 C:\Apache24\htdocs\industrialproject\protected\controllers\SiteController.php(94): CModel->validate()
#13 C:\Apache24\htdocs\industrialproject\framework\web\actions\CInlineAction.php(49): SiteController->actionLogin()
#14 C:\Apache24\htdocs\industrialproject\framework\web\CController.php(308): CInlineAction->runWithParams(Array)
#15 C:\Apache24\htdocs\industrialproject\framework\web\CController.php(286): CController->runAction(Object(CInlineAction))
#16 C:\Apache24\htdocs\industrialproject\framework\web\CController.php(265): CController->runActionWithFilters(Object(CInlineAction), Array)
#17 C:\Apache24\htdocs\industrialproject\framework\web\CWebApplication.php(282): CController->run('login')
#18 C:\Apache24\htdocs\industrialproject\framework\web\CWebApplication.php(141): CWebApplication->runController('site/login')
#19 C:\Apache24\htdocs\industrialproject\framework\base\CApplication.php(185): CWebApplication->processRequest()
#20 C:\Apache24\htdocs\industrialproject\index.php(13): CApplication->run()
#21 {main}
REQUEST_URI=/industrialproject/index.php?r=site/login
HTTP_REFERER=http://localhost/industrialproject/index.php?r=site/login
---
2017/09/22 17:13:57 [error] [exception.CHttpException.403] CHttpException: You are not authorized to perform this action. in C:\Apache24\htdocs\industrialproject\framework\web\auth\CAccessControlFilter.php:183
Stack trace:
#0 C:\Apache24\htdocs\industrialproject\framework\web\auth\CAccessControlFilter.php(145): CAccessControlFilter->accessDenied(Object(CWebUser), 'You are not aut...')
#1 C:\Apache24\htdocs\industrialproject\framework\web\filters\CFilter.php(38): CAccessControlFilter->preFilter(Object(CFilterChain))
#2 C:\Apache24\htdocs\industrialproject\framework\web\CController.php(1148): CFilter->filter(Object(CFilterChain))
#3 C:\Apache24\htdocs\industrialproject\framework\web\filters\CInlineFilter.php(58): CController->filterAccessControl(Object(CFilterChain))
#4 C:\Apache24\htdocs\industrialproject\framework\web\filters\CFilterChain.php(131): CInlineFilter->filter(Object(CFilterChain))
#5 C:\Apache24\htdocs\industrialproject\framework\web\CController.php(291): CFilterChain->run()
#6 C:\Apache24\htdocs\industrialproject\framework\web\CController.php(265): CController->runActionWithFilters(Object(CInlineAction), Array)
#7 C:\Apache24\htdocs\industrialproject\framework\web\CWebApplication.php(282): CController->run('admin')
#8 C:\Apache24\htdocs\industrialproject\framework\web\CWebApplication.php(141): CWebApplication->runController('dashboards/dash...')
#9 C:\Apache24\htdocs\industrialproject\framework\base\CApplication.php(185): CWebApplication->processRequest()
#10 C:\Apache24\htdocs\industrialproject\index.php(13): CApplication->run()
#11 {main}
REQUEST_URI=/industrialproject/index.php?r=dashboards/dashboard/admin
---
2017/09/22 17:14:05 [error] [exception.CHttpException.403] CHttpException: You are not authorized to perform this action. in C:\Apache24\htdocs\industrialproject\framework\web\auth\CAccessControlFilter.php:183
Stack trace:
#0 C:\Apache24\htdocs\industrialproject\framework\web\auth\CAccessControlFilter.php(145): CAccessControlFilter->accessDenied(Object(CWebUser), 'You are not aut...')
#1 C:\Apache24\htdocs\industrialproject\framework\web\filters\CFilter.php(38): CAccessControlFilter->preFilter(Object(CFilterChain))
#2 C:\Apache24\htdocs\industrialproject\framework\web\CController.php(1148): CFilter->filter(Object(CFilterChain))
#3 C:\Apache24\htdocs\industrialproject\framework\web\filters\CInlineFilter.php(58): CController->filterAccessControl(Object(CFilterChain))
#4 C:\Apache24\htdocs\industrialproject\framework\web\filters\CFilterChain.php(131): CInlineFilter->filter(Object(CFilterChain))
#5 C:\Apache24\htdocs\industrialproject\framework\web\CController.php(291): CFilterChain->run()
#6 C:\Apache24\htdocs\industrialproject\framework\web\CController.php(265): CController->runActionWithFilters(Object(CInlineAction), Array)
#7 C:\Apache24\htdocs\industrialproject\framework\web\CWebApplication.php(282): CController->run('admin')
#8 C:\Apache24\htdocs\industrialproject\framework\web\CWebApplication.php(141): CWebApplication->runController('dashboards/dash...')
#9 C:\Apache24\htdocs\industrialproject\framework\base\CApplication.php(185): CWebApplication->processRequest()
#10 C:\Apache24\htdocs\industrialproject\index.php(13): CApplication->run()
#11 {main}
REQUEST_URI=/industrialproject/index.php?r=dashboards/dashboard/admin
---
2017/09/22 17:14:29 [error] [exception.CHttpException.403] CHttpException: You are not authorized to perform this action. in C:\Apache24\htdocs\industrialproject\framework\web\auth\CAccessControlFilter.php:183
Stack trace:
#0 C:\Apache24\htdocs\industrialproject\framework\web\auth\CAccessControlFilter.php(145): CAccessControlFilter->accessDenied(Object(CWebUser), 'You are not aut...')
#1 C:\Apache24\htdocs\industrialproject\framework\web\filters\CFilter.php(38): CAccessControlFilter->preFilter(Object(CFilterChain))
#2 C:\Apache24\htdocs\industrialproject\framework\web\CController.php(1148): CFilter->filter(Object(CFilterChain))
#3 C:\Apache24\htdocs\industrialproject\framework\web\filters\CInlineFilter.php(58): CController->filterAccessControl(Object(CFilterChain))
#4 C:\Apache24\htdocs\industrialproject\framework\web\filters\CFilterChain.php(131): CInlineFilter->filter(Object(CFilterChain))
#5 C:\Apache24\htdocs\industrialproject\framework\web\CController.php(291): CFilterChain->run()
#6 C:\Apache24\htdocs\industrialproject\framework\web\CController.php(265): CController->runActionWithFilters(Object(CInlineAction), Array)
#7 C:\Apache24\htdocs\industrialproject\framework\web\CWebApplication.php(282): CController->run('admin')
#8 C:\Apache24\htdocs\industrialproject\framework\web\CWebApplication.php(141): CWebApplication->runController('dashboards/dash...')
#9 C:\Apache24\htdocs\industrialproject\framework\base\CApplication.php(185): CWebApplication->processRequest()
#10 C:\Apache24\htdocs\industrialproject\index.php(13): CApplication->run()
#11 {main}
REQUEST_URI=/industrialproject/index.php?r=dashboards/dashboard/admin
HTTP_REFERER=http://localhost/industrialproject/
---
2017/09/22 17:14:49 [error] [exception.CHttpException.403] CHttpException: You are not authorized to perform this action. in C:\Apache24\htdocs\industrialproject\framework\web\auth\CAccessControlFilter.php:183
Stack trace:
#0 C:\Apache24\htdocs\industrialproject\framework\web\auth\CAccessControlFilter.php(145): CAccessControlFilter->accessDenied(Object(CWebUser), 'You are not aut...')
#1 C:\Apache24\htdocs\industrialproject\framework\web\filters\CFilter.php(38): CAccessControlFilter->preFilter(Object(CFilterChain))
#2 C:\Apache24\htdocs\industrialproject\framework\web\CController.php(1148): CFilter->filter(Object(CFilterChain))
#3 C:\Apache24\htdocs\industrialproject\framework\web\filters\CInlineFilter.php(58): CController->filterAccessControl(Object(CFilterChain))
#4 C:\Apache24\htdocs\industrialproject\framework\web\filters\CFilterChain.php(131): CInlineFilter->filter(Object(CFilterChain))
#5 C:\Apache24\htdocs\industrialproject\framework\web\CController.php(291): CFilterChain->run()
#6 C:\Apache24\htdocs\industrialproject\framework\web\CController.php(265): CController->runActionWithFilters(Object(CInlineAction), Array)
#7 C:\Apache24\htdocs\industrialproject\framework\web\CWebApplication.php(282): CController->run('admin')
#8 C:\Apache24\htdocs\industrialproject\framework\web\CWebApplication.php(141): CWebApplication->runController('dashboards/dash...')
#9 C:\Apache24\htdocs\industrialproject\framework\base\CApplication.php(185): CWebApplication->processRequest()
#10 C:\Apache24\htdocs\industrialproject\index.php(13): CApplication->run()
#11 {main}
REQUEST_URI=/industrialproject/index.php?r=dashboards/dashboard/admin
HTTP_REFERER=http://localhost/industrialproject/
---
2017/09/22 17:15:03 [error] [exception.CHttpException.404] CHttpException: The system is unable to find the requested action "user". in C:\Apache24\htdocs\industrialproject\framework\web\CController.php:486
Stack trace:
#0 C:\Apache24\htdocs\industrialproject\framework\web\CController.php(270): CController->missingAction('user')
#1 C:\Apache24\htdocs\industrialproject\framework\web\CWebApplication.php(282): CController->run('user')
#2 C:\Apache24\htdocs\industrialproject\framework\web\CWebApplication.php(141): CWebApplication->runController('dashboards/dash...')
#3 C:\Apache24\htdocs\industrialproject\framework\base\CApplication.php(185): CWebApplication->processRequest()
#4 C:\Apache24\htdocs\industrialproject\index.php(13): CApplication->run()
#5 {main}
REQUEST_URI=/industrialproject/index.php?r=dashboards/dashboard/user
---
2017/09/22 17:15:13 [error] [exception.CHttpException.403] CHttpException: You are not authorized to perform this action. in C:\Apache24\htdocs\industrialproject\framework\web\auth\CAccessControlFilter.php:183
Stack trace:
#0 C:\Apache24\htdocs\industrialproject\framework\web\auth\CAccessControlFilter.php(145): CAccessControlFilter->accessDenied(Object(CWebUser), 'You are not aut...')
#1 C:\Apache24\htdocs\industrialproject\framework\web\filters\CFilter.php(38): CAccessControlFilter->preFilter(Object(CFilterChain))
#2 C:\Apache24\htdocs\industrialproject\framework\web\CController.php(1148): CFilter->filter(Object(CFilterChain))
#3 C:\Apache24\htdocs\industrialproject\framework\web\filters\CInlineFilter.php(58): CController->filterAccessControl(Object(CFilterChain))
#4 C:\Apache24\htdocs\industrialproject\framework\web\filters\CFilterChain.php(131): CInlineFilter->filter(Object(CFilterChain))
#5 C:\Apache24\htdocs\industrialproject\framework\web\CController.php(291): CFilterChain->run()
#6 C:\Apache24\htdocs\industrialproject\framework\web\CController.php(265): CController->runActionWithFilters(Object(CInlineAction), Array)
#7 C:\Apache24\htdocs\industrialproject\framework\web\CWebApplication.php(282): CController->run('admin')
#8 C:\Apache24\htdocs\industrialproject\framework\web\CWebApplication.php(141): CWebApplication->runController('dashboards/dash...')
#9 C:\Apache24\htdocs\industrialproject\framework\base\CApplication.php(185): CWebApplication->processRequest()
#10 C:\Apache24\htdocs\industrialproject\index.php(13): CApplication->run()
#11 {main}
REQUEST_URI=/industrialproject/index.php?r=dashboards/dashboard/admin
---
2017/09/22 17:16:04 [error] [exception.CHttpException.403] CHttpException: You are not authorized to perform this action. in C:\Apache24\htdocs\industrialproject\framework\web\auth\CAccessControlFilter.php:183
Stack trace:
#0 C:\Apache24\htdocs\industrialproject\framework\web\auth\CAccessControlFilter.php(145): CAccessControlFilter->accessDenied(Object(CWebUser), 'You are not aut...')
#1 C:\Apache24\htdocs\industrialproject\framework\web\filters\CFilter.php(38): CAccessControlFilter->preFilter(Object(CFilterChain))
#2 C:\Apache24\htdocs\industrialproject\framework\web\CController.php(1148): CFilter->filter(Object(CFilterChain))
#3 C:\Apache24\htdocs\industrialproject\framework\web\filters\CInlineFilter.php(58): CController->filterAccessControl(Object(CFilterChain))
#4 C:\Apache24\htdocs\industrialproject\framework\web\filters\CFilterChain.php(131): CInlineFilter->filter(Object(CFilterChain))
#5 C:\Apache24\htdocs\industrialproject\framework\web\CController.php(291): CFilterChain->run()
#6 C:\Apache24\htdocs\industrialproject\framework\web\CController.php(265): CController->runActionWithFilters(Object(CInlineAction), Array)
#7 C:\Apache24\htdocs\industrialproject\framework\web\CWebApplication.php(282): CController->run('admin')
#8 C:\Apache24\htdocs\industrialproject\framework\web\CWebApplication.php(141): CWebApplication->runController('dashboards/dash...')
#9 C:\Apache24\htdocs\industrialproject\framework\base\CApplication.php(185): CWebApplication->processRequest()
#10 C:\Apache24\htdocs\industrialproject\index.php(13): CApplication->run()
#11 {main}
REQUEST_URI=/industrialproject/index.php?r=dashboards/dashboard/admin
---
2017/09/22 17:16:07 [error] [exception.CHttpException.403] CHttpException: You are not authorized to perform this action. in C:\Apache24\htdocs\industrialproject\framework\web\auth\CAccessControlFilter.php:183
Stack trace:
#0 C:\Apache24\htdocs\industrialproject\framework\web\auth\CAccessControlFilter.php(145): CAccessControlFilter->accessDenied(Object(CWebUser), 'You are not aut...')
#1 C:\Apache24\htdocs\industrialproject\framework\web\filters\CFilter.php(38): CAccessControlFilter->preFilter(Object(CFilterChain))
#2 C:\Apache24\htdocs\industrialproject\framework\web\CController.php(1148): CFilter->filter(Object(CFilterChain))
#3 C:\Apache24\htdocs\industrialproject\framework\web\filters\CInlineFilter.php(58): CController->filterAccessControl(Object(CFilterChain))
#4 C:\Apache24\htdocs\industrialproject\framework\web\filters\CFilterChain.php(131): CInlineFilter->filter(Object(CFilterChain))
#5 C:\Apache24\htdocs\industrialproject\framework\web\CController.php(291): CFilterChain->run()
#6 C:\Apache24\htdocs\industrialproject\framework\web\CController.php(265): CController->runActionWithFilters(Object(CInlineAction), Array)
#7 C:\Apache24\htdocs\industrialproject\framework\web\CWebApplication.php(282): CController->run('admin')
#8 C:\Apache24\htdocs\industrialproject\framework\web\CWebApplication.php(141): CWebApplication->runController('dashboards/dash...')
#9 C:\Apache24\htdocs\industrialproject\framework\base\CApplication.php(185): CWebApplication->processRequest()
#10 C:\Apache24\htdocs\industrialproject\index.php(13): CApplication->run()
#11 {main}
REQUEST_URI=/industrialproject/index.php?r=dashboards/dashboard/admin
---
2017/09/22 17:16:09 [error] [exception.CHttpException.403] CHttpException: You are not authorized to perform this action. in C:\Apache24\htdocs\industrialproject\framework\web\auth\CAccessControlFilter.php:183
Stack trace:
#0 C:\Apache24\htdocs\industrialproject\framework\web\auth\CAccessControlFilter.php(145): CAccessControlFilter->accessDenied(Object(CWebUser), 'You are not aut...')
#1 C:\Apache24\htdocs\industrialproject\framework\web\filters\CFilter.php(38): CAccessControlFilter->preFilter(Object(CFilterChain))
#2 C:\Apache24\htdocs\industrialproject\framework\web\CController.php(1148): CFilter->filter(Object(CFilterChain))
#3 C:\Apache24\htdocs\industrialproject\framework\web\filters\CInlineFilter.php(58): CController->filterAccessControl(Object(CFilterChain))
#4 C:\Apache24\htdocs\industrialproject\framework\web\filters\CFilterChain.php(131): CInlineFilter->filter(Object(CFilterChain))
#5 C:\Apache24\htdocs\industrialproject\framework\web\CController.php(291): CFilterChain->run()
#6 C:\Apache24\htdocs\industrialproject\framework\web\CController.php(265): CController->runActionWithFilters(Object(CInlineAction), Array)
#7 C:\Apache24\htdocs\industrialproject\framework\web\CWebApplication.php(282): CController->run('admin')
#8 C:\Apache24\htdocs\industrialproject\framework\web\CWebApplication.php(141): CWebApplication->runController('dashboards/dash...')
#9 C:\Apache24\htdocs\industrialproject\framework\base\CApplication.php(185): CWebApplication->processRequest()
#10 C:\Apache24\htdocs\industrialproject\index.php(13): CApplication->run()
#11 {main}
REQUEST_URI=/industrialproject/index.php?r=dashboards/dashboard/admin
---
2017/09/22 17:16:09 [error] [exception.CHttpException.403] CHttpException: You are not authorized to perform this action. in C:\Apache24\htdocs\industrialproject\framework\web\auth\CAccessControlFilter.php:183
Stack trace:
#0 C:\Apache24\htdocs\industrialproject\framework\web\auth\CAccessControlFilter.php(145): CAccessControlFilter->accessDenied(Object(CWebUser), 'You are not aut...')
#1 C:\Apache24\htdocs\industrialproject\framework\web\filters\CFilter.php(38): CAccessControlFilter->preFilter(Object(CFilterChain))
#2 C:\Apache24\htdocs\industrialproject\framework\web\CController.php(1148): CFilter->filter(Object(CFilterChain))
#3 C:\Apache24\htdocs\industrialproject\framework\web\filters\CInlineFilter.php(58): CController->filterAccessControl(Object(CFilterChain))
#4 C:\Apache24\htdocs\industrialproject\framework\web\filters\CFilterChain.php(131): CInlineFilter->filter(Object(CFilterChain))
#5 C:\Apache24\htdocs\industrialproject\framework\web\CController.php(291): CFilterChain->run()
#6 C:\Apache24\htdocs\industrialproject\framework\web\CController.php(265): CController->runActionWithFilters(Object(CInlineAction), Array)
#7 C:\Apache24\htdocs\industrialproject\framework\web\CWebApplication.php(282): CController->run('admin')
#8 C:\Apache24\htdocs\industrialproject\framework\web\CWebApplication.php(141): CWebApplication->runController('dashboards/dash...')
#9 C:\Apache24\htdocs\industrialproject\framework\base\CApplication.php(185): CWebApplication->processRequest()
#10 C:\Apache24\htdocs\industrialproject\index.php(13): CApplication->run()
#11 {main}
REQUEST_URI=/industrialproject/index.php?r=dashboards/dashboard/admin
---
2017/09/22 17:16:10 [error] [exception.CHttpException.403] CHttpException: You are not authorized to perform this action. in C:\Apache24\htdocs\industrialproject\framework\web\auth\CAccessControlFilter.php:183
Stack trace:
#0 C:\Apache24\htdocs\industrialproject\framework\web\auth\CAccessControlFilter.php(145): CAccessControlFilter->accessDenied(Object(CWebUser), 'You are not aut...')
#1 C:\Apache24\htdocs\industrialproject\framework\web\filters\CFilter.php(38): CAccessControlFilter->preFilter(Object(CFilterChain))
#2 C:\Apache24\htdocs\industrialproject\framework\web\CController.php(1148): CFilter->filter(Object(CFilterChain))
#3 C:\Apache24\htdocs\industrialproject\framework\web\filters\CInlineFilter.php(58): CController->filterAccessControl(Object(CFilterChain))
#4 C:\Apache24\htdocs\industrialproject\framework\web\filters\CFilterChain.php(131): CInlineFilter->filter(Object(CFilterChain))
#5 C:\Apache24\htdocs\industrialproject\framework\web\CController.php(291): CFilterChain->run()
#6 C:\Apache24\htdocs\industrialproject\framework\web\CController.php(265): CController->runActionWithFilters(Object(CInlineAction), Array)
#7 C:\Apache24\htdocs\industrialproject\framework\web\CWebApplication.php(282): CController->run('admin')
#8 C:\Apache24\htdocs\industrialproject\framework\web\CWebApplication.php(141): CWebApplication->runController('dashboards/dash...')
#9 C:\Apache24\htdocs\industrialproject\framework\base\CApplication.php(185): CWebApplication->processRequest()
#10 C:\Apache24\htdocs\industrialproject\index.php(13): CApplication->run()
#11 {main}
REQUEST_URI=/industrialproject/index.php?r=dashboards/dashboard/admin
---
2017/09/22 17:16:11 [error] [exception.CHttpException.403] CHttpException: You are not authorized to perform this action. in C:\Apache24\htdocs\industrialproject\framework\web\auth\CAccessControlFilter.php:183
Stack trace:
#0 C:\Apache24\htdocs\industrialproject\framework\web\auth\CAccessControlFilter.php(145): CAccessControlFilter->accessDenied(Object(CWebUser), 'You are not aut...')
#1 C:\Apache24\htdocs\industrialproject\framework\web\filters\CFilter.php(38): CAccessControlFilter->preFilter(Object(CFilterChain))
#2 C:\Apache24\htdocs\industrialproject\framework\web\CController.php(1148): CFilter->filter(Object(CFilterChain))
#3 C:\Apache24\htdocs\industrialproject\framework\web\filters\CInlineFilter.php(58): CController->filterAccessControl(Object(CFilterChain))
#4 C:\Apache24\htdocs\industrialproject\framework\web\filters\CFilterChain.php(131): CInlineFilter->filter(Object(CFilterChain))
#5 C:\Apache24\htdocs\industrialproject\framework\web\CController.php(291): CFilterChain->run()
#6 C:\Apache24\htdocs\industrialproject\framework\web\CController.php(265): CController->runActionWithFilters(Object(CInlineAction), Array)
#7 C:\Apache24\htdocs\industrialproject\framework\web\CWebApplication.php(282): CController->run('admin')
#8 C:\Apache24\htdocs\industrialproject\framework\web\CWebApplication.php(141): CWebApplication->runController('dashboards/dash...')
#9 C:\Apache24\htdocs\industrialproject\framework\base\CApplication.php(185): CWebApplication->processRequest()
#10 C:\Apache24\htdocs\industrialproject\index.php(13): CApplication->run()
#11 {main}
REQUEST_URI=/industrialproject/index.php?r=dashboards/dashboard/admin
---
2017/09/22 17:16:11 [error] [exception.CHttpException.403] CHttpException: You are not authorized to perform this action. in C:\Apache24\htdocs\industrialproject\framework\web\auth\CAccessControlFilter.php:183
Stack trace:
#0 C:\Apache24\htdocs\industrialproject\framework\web\auth\CAccessControlFilter.php(145): CAccessControlFilter->accessDenied(Object(CWebUser), 'You are not aut...')
#1 C:\Apache24\htdocs\industrialproject\framework\web\filters\CFilter.php(38): CAccessControlFilter->preFilter(Object(CFilterChain))
#2 C:\Apache24\htdocs\industrialproject\framework\web\CController.php(1148): CFilter->filter(Object(CFilterChain))
#3 C:\Apache24\htdocs\industrialproject\framework\web\filters\CInlineFilter.php(58): CController->filterAccessControl(Object(CFilterChain))
#4 C:\Apache24\htdocs\industrialproject\framework\web\filters\CFilterChain.php(131): CInlineFilter->filter(Object(CFilterChain))
#5 C:\Apache24\htdocs\industrialproject\framework\web\CController.php(291): CFilterChain->run()
#6 C:\Apache24\htdocs\industrialproject\framework\web\CController.php(265): CController->runActionWithFilters(Object(CInlineAction), Array)
#7 C:\Apache24\htdocs\industrialproject\framework\web\CWebApplication.php(282): CController->run('admin')
#8 C:\Apache24\htdocs\industrialproject\framework\web\CWebApplication.php(141): CWebApplication->runController('dashboards/dash...')
#9 C:\Apache24\htdocs\industrialproject\framework\base\CApplication.php(185): CWebApplication->processRequest()
#10 C:\Apache24\htdocs\industrialproject\index.php(13): CApplication->run()
#11 {main}
REQUEST_URI=/industrialproject/index.php?r=dashboards/dashboard/admin
---
2017/09/22 17:20:36 [error] [exception.CHttpException.403] CHttpException: You are not authorized to perform this action. in C:\Apache24\htdocs\industrialproject\framework\web\auth\CAccessControlFilter.php:183
Stack trace:
#0 C:\Apache24\htdocs\industrialproject\framework\web\auth\CAccessControlFilter.php(145): CAccessControlFilter->accessDenied(Object(CWebUser), 'You are not aut...')
#1 C:\Apache24\htdocs\industrialproject\framework\web\filters\CFilter.php(38): CAccessControlFilter->preFilter(Object(CFilterChain))
#2 C:\Apache24\htdocs\industrialproject\framework\web\CController.php(1148): CFilter->filter(Object(CFilterChain))
#3 C:\Apache24\htdocs\industrialproject\framework\web\filters\CInlineFilter.php(58): CController->filterAccessControl(Object(CFilterChain))
#4 C:\Apache24\htdocs\industrialproject\framework\web\filters\CFilterChain.php(131): CInlineFilter->filter(Object(CFilterChain))
#5 C:\Apache24\htdocs\industrialproject\framework\web\CController.php(291): CFilterChain->run()
#6 C:\Apache24\htdocs\industrialproject\framework\web\CController.php(265): CController->runActionWithFilters(Object(CInlineAction), Array)
#7 C:\Apache24\htdocs\industrialproject\framework\web\CWebApplication.php(282): CController->run('admin')
#8 C:\Apache24\htdocs\industrialproject\framework\web\CWebApplication.php(141): CWebApplication->runController('dashboards/dash...')
#9 C:\Apache24\htdocs\industrialproject\framework\base\CApplication.php(185): CWebApplication->processRequest()
#10 C:\Apache24\htdocs\industrialproject\index.php(13): CApplication->run()
#11 {main}
REQUEST_URI=/industrialproject/index.php?r=dashboards/dashboard/admin
---
2017/09/22 17:20:45 [error] [exception.CHttpException.403] CHttpException: You are not authorized to perform this action. in C:\Apache24\htdocs\industrialproject\framework\web\auth\CAccessControlFilter.php:183
Stack trace:
#0 C:\Apache24\htdocs\industrialproject\framework\web\auth\CAccessControlFilter.php(145): CAccessControlFilter->accessDenied(Object(CWebUser), 'You are not aut...')
#1 C:\Apache24\htdocs\industrialproject\framework\web\filters\CFilter.php(38): CAccessControlFilter->preFilter(Object(CFilterChain))
#2 C:\Apache24\htdocs\industrialproject\framework\web\CController.php(1148): CFilter->filter(Object(CFilterChain))
#3 C:\Apache24\htdocs\industrialproject\framework\web\filters\CInlineFilter.php(58): CController->filterAccessControl(Object(CFilterChain))
#4 C:\Apache24\htdocs\industrialproject\framework\web\filters\CFilterChain.php(131): CInlineFilter->filter(Object(CFilterChain))
#5 C:\Apache24\htdocs\industrialproject\framework\web\CController.php(291): CFilterChain->run()
#6 C:\Apache24\htdocs\industrialproject\framework\web\CController.php(265): CController->runActionWithFilters(Object(CInlineAction), Array)
#7 C:\Apache24\htdocs\industrialproject\framework\web\CWebApplication.php(282): CController->run('admin')
#8 C:\Apache24\htdocs\industrialproject\framework\web\CWebApplication.php(141): CWebApplication->runController('dashboards/dash...')
#9 C:\Apache24\htdocs\industrialproject\framework\base\CApplication.php(185): CWebApplication->processRequest()
#10 C:\Apache24\htdocs\industrialproject\index.php(13): CApplication->run()
#11 {main}
REQUEST_URI=/industrialproject/index.php?r=dashboards/dashboard/admin
---
2017/09/22 19:09:19 [error] [exception.CHttpException.403] CHttpException: You are not authorized to perform this action. in C:\Apache24\htdocs\industrialproject\framework\web\auth\CAccessControlFilter.php:183
Stack trace:
#0 C:\Apache24\htdocs\industrialproject\framework\web\auth\CAccessControlFilter.php(145): CAccessControlFilter->accessDenied(Object(CWebUser), 'You are not aut...')
#1 C:\Apache24\htdocs\industrialproject\framework\web\filters\CFilter.php(38): CAccessControlFilter->preFilter(Object(CFilterChain))
#2 C:\Apache24\htdocs\industrialproject\framework\web\CController.php(1148): CFilter->filter(Object(CFilterChain))
#3 C:\Apache24\htdocs\industrialproject\framework\web\filters\CInlineFilter.php(58): CController->filterAccessControl(Object(CFilterChain))
#4 C:\Apache24\htdocs\industrialproject\framework\web\filters\CFilterChain.php(131): CInlineFilter->filter(Object(CFilterChain))
#5 C:\Apache24\htdocs\industrialproject\framework\web\CController.php(291): CFilterChain->run()
#6 C:\Apache24\htdocs\industrialproject\framework\web\CController.php(265): CController->runActionWithFilters(Object(CInlineAction), Array)
#7 C:\Apache24\htdocs\industrialproject\framework\web\CWebApplication.php(282): CController->run('admin')
#8 C:\Apache24\htdocs\industrialproject\framework\web\CWebApplication.php(141): CWebApplication->runController('dashboards/dash...')
#9 C:\Apache24\htdocs\industrialproject\framework\base\CApplication.php(185): CWebApplication->processRequest()
#10 C:\Apache24\htdocs\industrialproject\index.php(13): CApplication->run()
#11 {main}
REQUEST_URI=/industrialproject/index.php?r=dashboards/dashboard/admin
---
2017/09/22 19:11:39 [error] [exception.CHttpException.404] CHttpException: The system is unable to find the requested action "guest". in C:\Apache24\htdocs\industrialproject\framework\web\CController.php:486
Stack trace:
#0 C:\Apache24\htdocs\industrialproject\framework\web\CController.php(270): CController->missingAction('guest')
#1 C:\Apache24\htdocs\industrialproject\framework\web\CWebApplication.php(282): CController->run('guest')
#2 C:\Apache24\htdocs\industrialproject\framework\web\CWebApplication.php(141): CWebApplication->runController('dashboards/dash...')
#3 C:\Apache24\htdocs\industrialproject\framework\base\CApplication.php(185): CWebApplication->processRequest()
#4 C:\Apache24\htdocs\industrialproject\index.php(13): CApplication->run()
#5 {main}
REQUEST_URI=/industrialproject/index.php?r=dashboards/dashboard/guest
---
2017/09/22 19:11:49 [error] [exception.CHttpException.403] CHttpException: You are not authorized to perform this action. in C:\Apache24\htdocs\industrialproject\framework\web\auth\CAccessControlFilter.php:183
Stack trace:
#0 C:\Apache24\htdocs\industrialproject\framework\web\auth\CAccessControlFilter.php(145): CAccessControlFilter->accessDenied(Object(CWebUser), 'You are not aut...')
#1 C:\Apache24\htdocs\industrialproject\framework\web\filters\CFilter.php(38): CAccessControlFilter->preFilter(Object(CFilterChain))
#2 C:\Apache24\htdocs\industrialproject\framework\web\CController.php(1148): CFilter->filter(Object(CFilterChain))
#3 C:\Apache24\htdocs\industrialproject\framework\web\filters\CInlineFilter.php(58): CController->filterAccessControl(Object(CFilterChain))
#4 C:\Apache24\htdocs\industrialproject\framework\web\filters\CFilterChain.php(131): CInlineFilter->filter(Object(CFilterChain))
#5 C:\Apache24\htdocs\industrialproject\framework\web\CController.php(291): CFilterChain->run()
#6 C:\Apache24\htdocs\industrialproject\framework\web\CController.php(265): CController->runActionWithFilters(Object(CInlineAction), Array)
#7 C:\Apache24\htdocs\industrialproject\framework\web\CWebApplication.php(282): CController->run('admin')
#8 C:\Apache24\htdocs\industrialproject\framework\web\CWebApplication.php(141): CWebApplication->runController('dashboards/dash...')
#9 C:\Apache24\htdocs\industrialproject\framework\base\CApplication.php(185): CWebApplication->processRequest()
#10 C:\Apache24\htdocs\industrialproject\index.php(13): CApplication->run()
#11 {main}
REQUEST_URI=/industrialproject/index.php?r=dashboards/dashboard/admin
---
2017/09/22 19:19:41 [error] [exception.CHttpException.403] CHttpException: You are not authorized to perform this action. in C:\Apache24\htdocs\industrialproject\framework\web\auth\CAccessControlFilter.php:183
Stack trace:
#0 C:\Apache24\htdocs\industrialproject\framework\web\auth\CAccessControlFilter.php(145): CAccessControlFilter->accessDenied(Object(CWebUser), 'You are not aut...')
#1 C:\Apache24\htdocs\industrialproject\framework\web\filters\CFilter.php(38): CAccessControlFilter->preFilter(Object(CFilterChain))
#2 C:\Apache24\htdocs\industrialproject\framework\web\CController.php(1148): CFilter->filter(Object(CFilterChain))
#3 C:\Apache24\htdocs\industrialproject\framework\web\filters\CInlineFilter.php(58): CController->filterAccessControl(Object(CFilterChain))
#4 C:\Apache24\htdocs\industrialproject\framework\web\filters\CFilterChain.php(131): CInlineFilter->filter(Object(CFilterChain))
#5 C:\Apache24\htdocs\industrialproject\framework\web\CController.php(291): CFilterChain->run()
#6 C:\Apache24\htdocs\industrialproject\framework\web\CController.php(265): CController->runActionWithFilters(Object(CInlineAction), Array)
#7 C:\Apache24\htdocs\industrialproject\framework\web\CWebApplication.php(282): CController->run('admin')
#8 C:\Apache24\htdocs\industrialproject\framework\web\CWebApplication.php(141): CWebApplication->runController('dashboards/dash...')
#9 C:\Apache24\htdocs\industrialproject\framework\base\CApplication.php(185): CWebApplication->processRequest()
#10 C:\Apache24\htdocs\industrialproject\index.php(13): CApplication->run()
#11 {main}
REQUEST_URI=/industrialproject/index.php?r=dashboards/dashboard/admin
---
2017/09/23 12:23:16 [error] [exception.CHttpException.403] CHttpException: You are not authorized to perform this action. in C:\Apache24\htdocs\industrialproject\framework\web\auth\CAccessControlFilter.php:183
Stack trace:
#0 C:\Apache24\htdocs\industrialproject\framework\web\auth\CAccessControlFilter.php(145): CAccessControlFilter->accessDenied(Object(CWebUser), 'You are not aut...')
#1 C:\Apache24\htdocs\industrialproject\framework\web\filters\CFilter.php(38): CAccessControlFilter->preFilter(Object(CFilterChain))
#2 C:\Apache24\htdocs\industrialproject\framework\web\CController.php(1148): CFilter->filter(Object(CFilterChain))
#3 C:\Apache24\htdocs\industrialproject\framework\web\filters\CInlineFilter.php(58): CController->filterAccessControl(Object(CFilterChain))
#4 C:\Apache24\htdocs\industrialproject\framework\web\filters\CFilterChain.php(131): CInlineFilter->filter(Object(CFilterChain))
#5 C:\Apache24\htdocs\industrialproject\framework\web\CController.php(291): CFilterChain->run()
#6 C:\Apache24\htdocs\industrialproject\framework\web\CController.php(265): CController->runActionWithFilters(Object(CInlineAction), Array)
#7 C:\Apache24\htdocs\industrialproject\framework\web\CWebApplication.php(282): CController->run('admin')
#8 C:\Apache24\htdocs\industrialproject\framework\web\CWebApplication.php(141): CWebApplication->runController('dashboards/dash...')
#9 C:\Apache24\htdocs\industrialproject\framework\base\CApplication.php(185): CWebApplication->processRequest()
#10 C:\Apache24\htdocs\industrialproject\index.php(13): CApplication->run()
#11 {main}
REQUEST_URI=/industrialproject/index.php?r=dashboards/dashboard/admin
HTTP_REFERER=http://localhost/industrialproject/index.php?r=site/login
---
2017/09/23 19:06:57 [error] [exception.CHttpException.404] CHttpException: The system is unable to find the requested action "index". in C:\xampp\htdocs\industrialproject\framework\web\CController.php:486
Stack trace:
#0 C:\xampp\htdocs\industrialproject\framework\web\CController.php(270): CController->missingAction('')
#1 C:\xampp\htdocs\industrialproject\framework\web\CWebApplication.php(282): CController->run('')
#2 C:\xampp\htdocs\industrialproject\framework\web\CWebApplication.php(141): CWebApplication->runController('users/user/')
#3 C:\xampp\htdocs\industrialproject\framework\base\CApplication.php(185): CWebApplication->processRequest()
#4 C:\xampp\htdocs\industrialproject\index.php(13): CApplication->run()
#5 {main}
REQUEST_URI=/industrialproject/index.php?r=users/user/
HTTP_REFERER=http://localhost/industrialproject/index.php?r=users/user/update&id=1
---
2017/09/23 20:24:59 [error] [exception.CHttpException.404] CHttpException: The system is unable to find the requested action "index". in C:\xampp\htdocs\industrialproject\framework\web\CController.php:486
Stack trace:
#0 C:\xampp\htdocs\industrialproject\framework\web\CController.php(270): CController->missingAction('')
#1 C:\xampp\htdocs\industrialproject\framework\web\CWebApplication.php(282): CController->run('')
#2 C:\xampp\htdocs\industrialproject\framework\web\CWebApplication.php(141): CWebApplication->runController('sales/sale/')
#3 C:\xampp\htdocs\industrialproject\framework\base\CApplication.php(185): CWebApplication->processRequest()
#4 C:\xampp\htdocs\industrialproject\index.php(13): CApplication->run()
#5 {main}
REQUEST_URI=/industrialproject/index.php?r=sales/sale/
HTTP_REFERER=http://localhost/industrialproject/index.php?r=sales/sale/upload
---
